[ERROR] [STEP] Error in waitForVisible: locator.waitFor: SyntaxError: Failed to execute 'evaluate' on 'Document': The string '//[@id="login-button"]' is not a valid XPath expression.
    at Object.queryAll (<anonymous>:5979:25)
    at InjectedScript._queryEngineAll (<anonymous>:6664:49)
    at InjectedScript.querySelectorAll (<anonymous>:6651:30)
    at eval (eval at evaluate (:290:30), <anonymous>:4:35)
    at UtilityScript.evaluate (<anonymous>:292:16)
    at UtilityScript.<anonymous> (<anonymous>:1:44)
Call log:
  - waiting for locator('//[@id="login-button"]') to be visible

    at LoginAddCartPage.apply (D:\QC_training\W4_5\pages\common-page.ts:360:19)
    at wrapped (D:\QC_training\W4_5\utils\logging.ts:68:43)
    at LoginAddCartPage.waitForVisible (D:\QC_training\W4_5\utils\logging.ts:77:36)
    at LoginAddCartPage.apply (D:\QC_training\W4_5\pages\common-page.ts:113:16)
    at wrapped (D:\QC_training\W4_5\utils\logging.ts:68:43)
    at LoginAddCartPage.click (D:\QC_training\W4_5\utils\logging.ts:77:36)
    at LoginAddCartPage.login (D:\QC_training\W4_5\pages\login_addCart.page.ts:13:20)
    at D:\QC_training\W4_5\tests\demo\login_addCart.spec.ts:14:9 {
  [Symbol(step)]: {
    location: {
      file: 'D:\\QC_training\\W4_5\\pages\\common-page.ts',
      line: 360,
      column: 19,
      function: 'LoginAddCartPage.apply'
    },
    category: 'pw:api',
    title: `Wait for selector locator('//[@id="login-button"]')`,
    apiName: 'locator.waitFor',
    params: {
      selector: '//[@id="login-button"]',
      strict: true,
      omitReturnValue: true,
      state: 'visible',
      timeout: 0
    },
    group: undefined,
    stepId: 'pw:api@61',
    boxedStack: undefined,
    steps: [],
    attachmentIndices: [],
    info: TestStepInfoImpl {
      annotations: [],
      _testInfo: [TestInfoImpl],
      _stepId: 'pw:api@61',
      _title: `Wait for selector locator('//[@id="login-button"]')`,
      _parentStep: [TestStepInfoImpl],
      skip: [Function (anonymous)]
    },
    complete: [Function: complete],
    endWallTime: 1760500875299,
    error: {
      message: `Error: locator.waitFor: SyntaxError: Failed to execute 'evaluate' on 'Document': The string '//[@id="login-button"]' is not a valid XPath expression.\n` +
        '    at Object.queryAll (<anonymous>:5979:25)\n' +
        '    at InjectedScript._queryEngineAll (<anonymous>:6664:49)\n' +
        '    at InjectedScript.querySelectorAll (<anonymous>:6651:30)\n' +
        '    at eval (eval at evaluate (:290:30), <anonymous>:4:35)\n' +
        '    at UtilityScript.evaluate (<anonymous>:292:16)\n' +
        '    at UtilityScript.<anonymous> (<anonymous>:1:44)\n' +
        'Call log:\n' +
        `\x1B[2m  - waiting for locator('//[@id="login-button"]') to be visible\x1B[22m\n`,
      stack: `Error: locator.waitFor: SyntaxError: Failed to execute 'evaluate' on 'Document': The string '//[@id="login-button"]' is not a valid XPath expression.\n` +
        '    at Object.queryAll (<anonymous>:5979:25)\n' +
        '    at InjectedScript._queryEngineAll (<anonymous>:6664:49)\n' +
        '    at InjectedScript.querySelectorAll (<anonymous>:6651:30)\n' +
        '    at eval (eval at evaluate (:290:30), <anonymous>:4:35)\n' +
        '    at UtilityScript.evaluate (<anonymous>:292:16)\n' +
        '    at UtilityScript.<anonymous> (<anonymous>:1:44)\n' +
        'Call log:\n' +
        `\x1B[2m  - waiting for locator('//[@id="login-button"]') to be visible\x1B[22m\n` +
        '\n' +
        '    at Object.queryAll (<anonymous>:5979:25)\n' +
        '    at InjectedScript._queryEngineAll (<anonymous>:6664:49)\n' +
        '    at InjectedScript.querySelectorAll (<anonymous>:6651:30)\n' +
        '    at eval (eval at evaluate (:290:30), <anonymous>:4:35)\n' +
        '    at UtilityScript.evaluate (<anonymous>:292:16)\n' +
        '    at UtilityScript.<anonymous> (<anonymous>:1:44)\n' +
        '    at LoginAddCartPage.apply (D:\\QC_training\\W4_5\\pages\\common-page.ts:360:19)\n' +
        '    at wrapped (D:\\QC_training\\W4_5\\utils\\logging.ts:68:43)\n' +
        '    at LoginAddCartPage.waitForVisible (D:\\QC_training\\W4_5\\utils\\logging.ts:77:36)\n' +
        '    at LoginAddCartPage.apply (D:\\QC_training\\W4_5\\pages\\common-page.ts:113:16)\n' +
        '    at wrapped (D:\\QC_training\\W4_5\\utils\\logging.ts:68:43)\n' +
        '    at LoginAddCartPage.click (D:\\QC_training\\W4_5\\utils\\logging.ts:77:36)\n' +
        '    at LoginAddCartPage.login (D:\\QC_training\\W4_5\\pages\\login_addCart.page.ts:13:20)\n' +
        '    at D:\\QC_training\\W4_5\\tests\\demo\\login_addCart.spec.ts:14:9',
      cause: undefined
    }
  }
}
[ERROR] [STEP] Error in click: locator.waitFor: SyntaxError: Failed to execute 'evaluate' on 'Document': The string '//[@id="login-button"]' is not a valid XPath expression.
    at Object.queryAll (<anonymous>:5979:25)
    at InjectedScript._queryEngineAll (<anonymous>:6664:49)
    at InjectedScript.querySelectorAll (<anonymous>:6651:30)
    at eval (eval at evaluate (:290:30), <anonymous>:4:35)
    at UtilityScript.evaluate (<anonymous>:292:16)
    at UtilityScript.<anonymous> (<anonymous>:1:44)
Call log:
  - waiting for locator('//[@id="login-button"]') to be visible

    at LoginAddCartPage.apply (D:\QC_training\W4_5\pages\common-page.ts:360:19)
    at wrapped (D:\QC_training\W4_5\utils\logging.ts:68:43)
    at LoginAddCartPage.waitForVisible (D:\QC_training\W4_5\utils\logging.ts:77:36)
    at LoginAddCartPage.apply (D:\QC_training\W4_5\pages\common-page.ts:113:16)
    at wrapped (D:\QC_training\W4_5\utils\logging.ts:68:43)
    at LoginAddCartPage.click (D:\QC_training\W4_5\utils\logging.ts:77:36)
    at LoginAddCartPage.login (D:\QC_training\W4_5\pages\login_addCart.page.ts:13:20)
    at D:\QC_training\W4_5\tests\demo\login_addCart.spec.ts:14:9 {
  [Symbol(step)]: {
    location: {
      file: 'D:\\QC_training\\W4_5\\pages\\common-page.ts',
      line: 360,
      column: 19,
      function: 'LoginAddCartPage.apply'
    },
    category: 'pw:api',
    title: `Wait for selector locator('//[@id="login-button"]')`,
    apiName: 'locator.waitFor',
    params: {
      selector: '//[@id="login-button"]',
      strict: true,
      omitReturnValue: true,
      state: 'visible',
      timeout: 0
    },
    group: undefined,
    stepId: 'pw:api@61',
    boxedStack: undefined,
    steps: [],
    attachmentIndices: [],
    info: TestStepInfoImpl {
      annotations: [],
      _testInfo: [TestInfoImpl],
      _stepId: 'pw:api@61',
      _title: `Wait for selector locator('//[@id="login-button"]')`,
      _parentStep: [TestStepInfoImpl],
      skip: [Function (anonymous)]
    },
    complete: [Function: complete],
    endWallTime: 1760500875299,
    error: {
      message: `Error: locator.waitFor: SyntaxError: Failed to execute 'evaluate' on 'Document': The string '//[@id="login-button"]' is not a valid XPath expression.\n` +
        '    at Object.queryAll (<anonymous>:5979:25)\n' +
        '    at InjectedScript._queryEngineAll (<anonymous>:6664:49)\n' +
        '    at InjectedScript.querySelectorAll (<anonymous>:6651:30)\n' +
        '    at eval (eval at evaluate (:290:30), <anonymous>:4:35)\n' +
        '    at UtilityScript.evaluate (<anonymous>:292:16)\n' +
        '    at UtilityScript.<anonymous> (<anonymous>:1:44)\n' +
        'Call log:\n' +
        `\x1B[2m  - waiting for locator('//[@id="login-button"]') to be visible\x1B[22m\n`,
      stack: `Error: locator.waitFor: SyntaxError: Failed to execute 'evaluate' on 'Document': The string '//[@id="login-button"]' is not a valid XPath expression.\n` +
        '    at Object.queryAll (<anonymous>:5979:25)\n' +
        '    at InjectedScript._queryEngineAll (<anonymous>:6664:49)\n' +
        '    at InjectedScript.querySelectorAll (<anonymous>:6651:30)\n' +
        '    at eval (eval at evaluate (:290:30), <anonymous>:4:35)\n' +
        '    at UtilityScript.evaluate (<anonymous>:292:16)\n' +
        '    at UtilityScript.<anonymous> (<anonymous>:1:44)\n' +
        'Call log:\n' +
        `\x1B[2m  - waiting for locator('//[@id="login-button"]') to be visible\x1B[22m\n` +
        '\n' +
        '    at Object.queryAll (<anonymous>:5979:25)\n' +
        '    at InjectedScript._queryEngineAll (<anonymous>:6664:49)\n' +
        '    at InjectedScript.querySelectorAll (<anonymous>:6651:30)\n' +
        '    at eval (eval at evaluate (:290:30), <anonymous>:4:35)\n' +
        '    at UtilityScript.evaluate (<anonymous>:292:16)\n' +
        '    at UtilityScript.<anonymous> (<anonymous>:1:44)\n' +
        '    at LoginAddCartPage.apply (D:\\QC_training\\W4_5\\pages\\common-page.ts:360:19)\n' +
        '    at wrapped (D:\\QC_training\\W4_5\\utils\\logging.ts:68:43)\n' +
        '    at LoginAddCartPage.waitForVisible (D:\\QC_training\\W4_5\\utils\\logging.ts:77:36)\n' +
        '    at LoginAddCartPage.apply (D:\\QC_training\\W4_5\\pages\\common-page.ts:113:16)\n' +
        '    at wrapped (D:\\QC_training\\W4_5\\utils\\logging.ts:68:43)\n' +
        '    at LoginAddCartPage.click (D:\\QC_training\\W4_5\\utils\\logging.ts:77:36)\n' +
        '    at LoginAddCartPage.login (D:\\QC_training\\W4_5\\pages\\login_addCart.page.ts:13:20)\n' +
        '    at D:\\QC_training\\W4_5\\tests\\demo\\login_addCart.spec.ts:14:9',
      cause: undefined
    }
  }
}
